<?xml version="1.0" encoding="UTF-8" ?>
<testsuites>
  <testsuite failures="0" hostname="ibm-abhishekgupta" id="0" name="JustTestingProject/tests" package="" skipped="0" tests="1" time="64.14" timestamp="Thu Mar 03 16:15:29 IST 2022">
	    <properties>
		      <property name="excludeCallableTestCases" value="true" />

		      <property name="testEnvironment" value="production" />

		      <property name="pluginOutputLevel" value="WARNING" />

		      <property name="projectPath" value=".." />

		      <property name="salesforceMetadataCache" value="Reuse" />

		      <property name="resultsPathDisposition" value="Increment" />

		      <property name="testOutputLevel" value="INFO" />

		      <property name="webBrowserType" value="Chrome" />

		      <property name="resultsPath" value="../ANT/Results" />

		      <property name="webBrowserConfiguration" value="Full Screen" />

		      <property name="projectCachePath" value="C:\Users\abhishek.gupta\Provar\JustTesting\JustTestingProject\ANT\..\..\.provarCaches" />

	    </properties>

	    <testcase classname="tests/Test Case 1.testcase" name="Test Case 1.testcase" time="43.062">
	</testcase>

  </testsuite>
</testsuites>
